<html>
<head>
<title>TestNG:  Default test</title>
<link href="../testng.css" rel="stylesheet" type="text/css" />
<link href="../my-testng.css" rel="stylesheet" type="text/css" />

<style type="text/css">
.log { display: none;} 
.stack-trace { display: none;} 
</style>
<script type="text/javascript">
<!--
function flip(e) {
  current = e.style.display;
  if (current == 'block') {
    e.style.display = 'none';
    return 0;
  }
  else {
    e.style.display = 'block';
    return 1;
  }
}

function toggleBox(szDivId, elem, msg1, msg2)
{
  var res = -1;  if (document.getElementById) {
    res = flip(document.getElementById(szDivId));
  }
  else if (document.all) {
    // this is the way old msie versions work
    res = flip(document.all[szDivId]);
  }
  if(elem) {
    if(res == 0) elem.innerHTML = msg1; else elem.innerHTML = msg2;
  }

}

function toggleAllBoxes() {
  if (document.getElementsByTagName) {
    d = document.getElementsByTagName('div');
    for (i = 0; i < d.length; i++) {
      if (d[i].className == 'log') {
        flip(d[i]);
      }
    }
  }
}

// -->
</script>

</head>
<body>
<h2 align='center'>Default test</h2><table border='1' align="center">
<tr>
<td>Tests passed/Failed/Skipped:</td><td>0/0/1</td>
</tr><tr>
<td>Started on:</td><td>Wed Jan 27 02:48:55 IST 2021</td>
</tr>
<tr><td>Total time:</td><td>0 seconds (201 ms)</td>
</tr><tr>
<td>Included groups:</td><td></td>
</tr><tr>
<td>Excluded groups:</td><td></td>
</tr>
</table><p/>
<small><i>(Hover the method name to see the test class name)</i></small><p/>
<table width='100%' border='1' class='invocation-skipped'>
<tr><td colspan='4' align='center'><b>SKIPPED TESTS</b></td></tr>
<tr><td><b>Test method</b></td>
<td width="30%"><b>Exception</b></td>
<td width="10%"><b>Time (seconds)</b></td>
<td><b>Instance</b></td>
</tr>
<tr>
<td title='com.testcases.LocationDayAPITest.verifyLocationDayAPIResponseFieldsAreNotNull()'><b>verifyLocationDayAPIResponseFieldsAreNotNull</b><br>Test class: com.testcases.LocationDayAPITest</td>
<td><div><pre>java.lang.RuntimeException: Cannot create property=allTestCaseDataMap for JavaBean=com.data.yaml.AllTestCaseData@7e38a7fe
 in &apos;reader&apos;, line 4, column 1:
    !!com.data.yaml.AllTestCaseData
    ^
Cannot create property=date for JavaBean=LocationSearchTestData [location=Nottingham, expectedStatusCode=0]
 in &apos;reader&apos;, line 29, column 5:
      - !!com.data.yaml.LocationSearchTe ... 
        ^
Unable to find property &apos;date&apos; on class: com.data.yaml.LocationSearchTestData
 in &apos;reader&apos;, line 29, column 73:
     ... ta {location: Nottingham, date: 2021/1/30, expectedStatusCode: 2 ... 
                                         ^

 in &apos;reader&apos;, line 6, column 3:
      testSinglePhotoCase1:
      ^

	at org.testng.internal.MethodInvocationHelper.invokeMethodNoCheckedException(MethodInvocationHelper.java:49)
	at org.testng.internal.MethodInvocationHelper.invokeDataProvider(MethodInvocationHelper.java:131)
	at org.testng.internal.Parameters.handleParameters(Parameters.java:706)
	at org.testng.internal.ParameterHandler.handleParameters(ParameterHandler.java:49)
	at org.testng.internal.ParameterHandler.createParameters(ParameterHandler.java:37)
	at org.testng.internal.Invoker.invokeTestMethods(Invoker.java:924)
	at org.testng.internal.TestMethodWorker.invokeTestMethods(TestMethodWorker.java:125)
	at org.testng.internal.TestMethodWorker.run(TestMethodWorker.java:109)
	at org.testng.TestRunner.privateRun(TestRunner.java:648)
	at org.testng.TestRunner.run(TestRunner.java:505)
	at org.testng.SuiteRunner.runTest(SuiteRunner.java:455)
	at org.testng.SuiteRunner.runSequentially(SuiteRunner.java:450)
	at org.testng.SuiteRunner.privateRun(SuiteRunner.java:415)
	at org.testng.SuiteRunner.run(SuiteRunner.java:364)
	at org.testng.SuiteRunnerWorker.runSuite(SuiteRunnerWorker.java:52)
	at org.testng.SuiteRunnerWorker.run(SuiteRunnerWorker.java:84)
	at org.testng.TestNG.runSuitesSequentially(TestNG.java:1208)
	at org.testng.TestNG.runSuitesLocally(TestNG.java:1137)
	at org.testng.TestNG.runSuites(TestNG.java:1049)
	at org.testng.TestNG.run(TestNG.java:1017)
	at org.testng.remote.AbstractRemoteTestNG.run(AbstractRemoteTestNG.java:115)
	at org.testng.remote.RemoteTestNG.initAndRun(RemoteTestNG.java:251)
	at org.testng.remote.RemoteTestNG.main(RemoteTestNG.java:77)
Caused by: Cannot create property=allTestCaseDataMap for JavaBean=com.data.yaml.AllTestCaseData@7e38a7fe
 in &apos;reader&apos;, line 4, column 1:
    !!com.data.yaml.AllTestCaseData
    ^
Cannot create property=date for JavaBean=LocationSearchTestData [location=Nottingham, expectedStatusCode=0]
 in &apos;reader&apos;, line 29, column 5:
      - !!com.data.yaml.LocationSearchTe ... 
        ^
Unable to find property &apos;date&apos; on class: com.data.yaml.LocationSearchTestData
 in &apos;reader&apos;, line 29, column 73:
     ... ta {location: Nottingham, date: 2021/1/30, expectedStatusCode: 2 ... 
                                         ^

 in &apos;reader&apos;, line 6, column 3:
      testSinglePhotoCase1:
      ^

	at org.yaml.snakeyaml.constructor.Constructor$ConstructMapping.constructJavaBean2ndStep(Constructor.java:270)
	at org.yaml.snakeyaml.constructor.Constructor$ConstructMapping.construct(Constructor.java:149)
	at org.yaml.snakeyaml.constructor.Constructor$ConstructYamlObject.construct(Constructor.java:309)
	at org.yaml.snakeyaml.constructor.BaseConstructor.constructObjectNoCheck(BaseConstructor.java:204)
	at org.yaml.snakeyaml.constructor.BaseConstructor.constructObject(BaseConstructor.java:193)
	at org.yaml.snakeyaml.constructor.BaseConstructor.constructDocument(BaseConstructor.java:159)
	at org.yaml.snakeyaml.constructor.BaseConstructor.getSingleData(BaseConstructor.java:146)
	at org.yaml.snakeyaml.Yaml.loadFromReader(Yaml.java:524)
	at org.yaml.snakeyaml.Yaml.loadAs(Yaml.java:484)
	at com.data.DataProviderClass.getDataFromYamlFile(DataProviderClass.java:34)
	at java.base/jdk.internal.reflect.NativeMethodAccessorImpl.invoke0(Native Method)
	at java.base/jdk.internal.reflect.NativeMethodAccessorImpl.invoke(NativeMethodAccessorImpl.java:64)
	at java.base/jdk.internal.reflect.DelegatingMethodAccessorImpl.invoke(DelegatingMethodAccessorImpl.java:43)
	at java.base/java.lang.reflect.Method.invoke(Method.java:564)
	at org.testng.internal.MethodInvocationHelper.invokeMethod(MethodInvocationHelper.java:124)
	at org.testng.internal.MethodInvocationHelper.invokeMethod(MethodInvocationHelper.java:74)
	at org.testng.internal.MethodInvocationHelper.invokeMethodNoCheckedException(MethodInvocationHelper.java:45)
	... 22 more
Caused by: Cannot create property=date for JavaBean=LocationSearchTestData [location=Nottingham, expectedStatusCode=0]
 in &apos;reader&apos;, line 29, column 5:
      - !!com.data.yaml.LocationSearchTe ... 
        ^
Unable to find property &apos;date&apos; on class: com.data.yaml.LocationSearchTestData
 in &apos;reader&apos;, line 29, column 73:
     ... ta {location: Nottingham, date: 2021/1/30, expectedStatusCode: 2 ... 
                                         ^

	at org.yaml.snakeyaml.constructor.Constructor$ConstructMapping.constructJavaBean2ndStep(Constructor.java:270)
	at org.yaml.snakeyaml.constructor.Constructor$ConstructMapping.construct(Constructor.java:149)
	at org.yaml.snakeyaml.constructor.Constructor$ConstructYamlObject.construct(Constructor.java:309)
	at org.yaml.snakeyaml.constructor.BaseConstructor.constructObjectNoCheck(BaseConstructor.java:204)
	at org.yaml.snakeyaml.constructor.BaseConstructor.constructObject(BaseConstructor.java:193)
	at org.yaml.snakeyaml.constructor.BaseConstructor.constructSequenceStep2(BaseConstructor.java:364)
	at org.yaml.snakeyaml.constructor.BaseConstructor.constructSequence(BaseConstructor.java:348)
	at org.yaml.snakeyaml.constructor.Constructor$ConstructSequence.construct(Constructor.java:516)
	at org.yaml.snakeyaml.constructor.BaseConstructor.constructObjectNoCheck(BaseConstructor.java:204)
	at org.yaml.snakeyaml.constructor.BaseConstructor.constructObject(BaseConstructor.java:193)
	at org.yaml.snakeyaml.constructor.BaseConstructor.constructMapping2ndStep(BaseConstructor.java:453)
	at org.yaml.snakeyaml.constructor.SafeConstructor.constructMapping2ndStep(SafeConstructor.java:184)
	at org.yaml.snakeyaml.constructor.BaseConstructor.constructMapping(BaseConstructor.java:434)
	at org.yaml.snakeyaml.constructor.Constructor$ConstructMapping.construct(Constructor.java:136)
	at org.yaml.snakeyaml.constructor.BaseConstructor.constructObjectNoCheck(BaseConstructor.java:204)
	at org.yaml.snakeyaml.constructor.BaseConstructor.constructObject(BaseConstructor.java:193)
	at org.yaml.snakeyaml.constructor.Constructor$ConstructMapping.constructJavaBean2ndStep(Constructor.java:247)
	... 38 more
Caused by: org.yaml.snakeyaml.error.YAMLException: Unable to find property &apos;date&apos; on class: com.data.yaml.LocationSearchTestData
	at org.yaml.snakeyaml.introspector.PropertyUtils.getProperty(PropertyUtils.java:159)
	at org.yaml.snakeyaml.introspector.PropertyUtils.getProperty(PropertyUtils.java:148)
	at org.yaml.snakeyaml.constructor.Constructor$ConstructMapping.getProperty(Constructor.java:287)
	at org.yaml.snakeyaml.constructor.Constructor$ConstructMapping.constructJavaBean2ndStep(Constructor.java:208)
	... 54 more
</pre></div><a href='#' onClick='toggleBox("stack-trace1166230227", this, "Click to show all stack frames", "Click to hide stack frames")'>Click to show all stack frames</a>
<div class='stack-trace' id='stack-trace1166230227'><pre>java.lang.RuntimeException: Cannot create property=allTestCaseDataMap for JavaBean=com.data.yaml.AllTestCaseData@7e38a7fe
 in &apos;reader&apos;, line 4, column 1:
    !!com.data.yaml.AllTestCaseData
    ^
Cannot create property=date for JavaBean=LocationSearchTestData [location=Nottingham, expectedStatusCode=0]
 in &apos;reader&apos;, line 29, column 5:
      - !!com.data.yaml.LocationSearchTe ... 
        ^
Unable to find property &apos;date&apos; on class: com.data.yaml.LocationSearchTestData
 in &apos;reader&apos;, line 29, column 73:
     ... ta {location: Nottingham, date: 2021/1/30, expectedStatusCode: 2 ... 
                                         ^

 in &apos;reader&apos;, line 6, column 3:
      testSinglePhotoCase1:
      ^

	at org.testng.internal.MethodInvocationHelper.invokeMethodNoCheckedException(MethodInvocationHelper.java:49)
	at org.testng.internal.MethodInvocationHelper.invokeDataProvider(MethodInvocationHelper.java:131)
	at org.testng.internal.Parameters.handleParameters(Parameters.java:706)
	at org.testng.internal.ParameterHandler.handleParameters(ParameterHandler.java:49)
	at org.testng.internal.ParameterHandler.createParameters(ParameterHandler.java:37)
	at org.testng.internal.Invoker.invokeTestMethods(Invoker.java:924)
	at org.testng.internal.TestMethodWorker.invokeTestMethods(TestMethodWorker.java:125)
	at org.testng.internal.TestMethodWorker.run(TestMethodWorker.java:109)
	at org.testng.TestRunner.privateRun(TestRunner.java:648)
	at org.testng.TestRunner.run(TestRunner.java:505)
	at org.testng.SuiteRunner.runTest(SuiteRunner.java:455)
	at org.testng.SuiteRunner.runSequentially(SuiteRunner.java:450)
	at org.testng.SuiteRunner.privateRun(SuiteRunner.java:415)
	at org.testng.SuiteRunner.run(SuiteRunner.java:364)
	at org.testng.SuiteRunnerWorker.runSuite(SuiteRunnerWorker.java:52)
	at org.testng.SuiteRunnerWorker.run(SuiteRunnerWorker.java:84)
	at org.testng.TestNG.runSuitesSequentially(TestNG.java:1208)
	at org.testng.TestNG.runSuitesLocally(TestNG.java:1137)
	at org.testng.TestNG.runSuites(TestNG.java:1049)
	at org.testng.TestNG.run(TestNG.java:1017)
	at org.testng.remote.AbstractRemoteTestNG.run(AbstractRemoteTestNG.java:115)
	at org.testng.remote.RemoteTestNG.initAndRun(RemoteTestNG.java:251)
	at org.testng.remote.RemoteTestNG.main(RemoteTestNG.java:77)
Caused by: Cannot create property=allTestCaseDataMap for JavaBean=com.data.yaml.AllTestCaseData@7e38a7fe
 in &apos;reader&apos;, line 4, column 1:
    !!com.data.yaml.AllTestCaseData
    ^
Cannot create property=date for JavaBean=LocationSearchTestData [location=Nottingham, expectedStatusCode=0]
 in &apos;reader&apos;, line 29, column 5:
      - !!com.data.yaml.LocationSearchTe ... 
        ^
Unable to find property &apos;date&apos; on class: com.data.yaml.LocationSearchTestData
 in &apos;reader&apos;, line 29, column 73:
     ... ta {location: Nottingham, date: 2021/1/30, expectedStatusCode: 2 ... 
                                         ^

 in &apos;reader&apos;, line 6, column 3:
      testSinglePhotoCase1:
      ^

	at org.yaml.snakeyaml.constructor.Constructor$ConstructMapping.constructJavaBean2ndStep(Constructor.java:270)
	at org.yaml.snakeyaml.constructor.Constructor$ConstructMapping.construct(Constructor.java:149)
	at org.yaml.snakeyaml.constructor.Constructor$ConstructYamlObject.construct(Constructor.java:309)
	at org.yaml.snakeyaml.constructor.BaseConstructor.constructObjectNoCheck(BaseConstructor.java:204)
	at org.yaml.snakeyaml.constructor.BaseConstructor.constructObject(BaseConstructor.java:193)
	at org.yaml.snakeyaml.constructor.BaseConstructor.constructDocument(BaseConstructor.java:159)
	at org.yaml.snakeyaml.constructor.BaseConstructor.getSingleData(BaseConstructor.java:146)
	at org.yaml.snakeyaml.Yaml.loadFromReader(Yaml.java:524)
	at org.yaml.snakeyaml.Yaml.loadAs(Yaml.java:484)
	at com.data.DataProviderClass.getDataFromYamlFile(DataProviderClass.java:34)
	at java.base/jdk.internal.reflect.NativeMethodAccessorImpl.invoke0(Native Method)
	at java.base/jdk.internal.reflect.NativeMethodAccessorImpl.invoke(NativeMethodAccessorImpl.java:64)
	at java.base/jdk.internal.reflect.DelegatingMethodAccessorImpl.invoke(DelegatingMethodAccessorImpl.java:43)
	at java.base/java.lang.reflect.Method.invoke(Method.java:564)
	at org.testng.internal.MethodInvocationHelper.invokeMethod(MethodInvocationHelper.java:124)
	at org.testng.internal.MethodInvocationHelper.invokeMethod(MethodInvocationHelper.java:74)
	at org.testng.internal.MethodInvocationHelper.invokeMethodNoCheckedException(MethodInvocationHelper.java:45)
	... 22 more
Caused by: Cannot create property=date for JavaBean=LocationSearchTestData [location=Nottingham, expectedStatusCode=0]
 in &apos;reader&apos;, line 29, column 5:
      - !!com.data.yaml.LocationSearchTe ... 
        ^
Unable to find property &apos;date&apos; on class: com.data.yaml.LocationSearchTestData
 in &apos;reader&apos;, line 29, column 73:
     ... ta {location: Nottingham, date: 2021/1/30, expectedStatusCode: 2 ... 
                                         ^

	at org.yaml.snakeyaml.constructor.Constructor$ConstructMapping.constructJavaBean2ndStep(Constructor.java:270)
	at org.yaml.snakeyaml.constructor.Constructor$ConstructMapping.construct(Constructor.java:149)
	at org.yaml.snakeyaml.constructor.Constructor$ConstructYamlObject.construct(Constructor.java:309)
	at org.yaml.snakeyaml.constructor.BaseConstructor.constructObjectNoCheck(BaseConstructor.java:204)
	at org.yaml.snakeyaml.constructor.BaseConstructor.constructObject(BaseConstructor.java:193)
	at org.yaml.snakeyaml.constructor.BaseConstructor.constructSequenceStep2(BaseConstructor.java:364)
	at org.yaml.snakeyaml.constructor.BaseConstructor.constructSequence(BaseConstructor.java:348)
	at org.yaml.snakeyaml.constructor.Constructor$ConstructSequence.construct(Constructor.java:516)
	at org.yaml.snakeyaml.constructor.BaseConstructor.constructObjectNoCheck(BaseConstructor.java:204)
	at org.yaml.snakeyaml.constructor.BaseConstructor.constructObject(BaseConstructor.java:193)
	at org.yaml.snakeyaml.constructor.BaseConstructor.constructMapping2ndStep(BaseConstructor.java:453)
	at org.yaml.snakeyaml.constructor.SafeConstructor.constructMapping2ndStep(SafeConstructor.java:184)
	at org.yaml.snakeyaml.constructor.BaseConstructor.constructMapping(BaseConstructor.java:434)
	at org.yaml.snakeyaml.constructor.Constructor$ConstructMapping.construct(Constructor.java:136)
	at org.yaml.snakeyaml.constructor.BaseConstructor.constructObjectNoCheck(BaseConstructor.java:204)
	at org.yaml.snakeyaml.constructor.BaseConstructor.constructObject(BaseConstructor.java:193)
	at org.yaml.snakeyaml.constructor.Constructor$ConstructMapping.constructJavaBean2ndStep(Constructor.java:247)
	... 38 more
Caused by: org.yaml.snakeyaml.error.YAMLException: Unable to find property &apos;date&apos; on class: com.data.yaml.LocationSearchTestData
	at org.yaml.snakeyaml.introspector.PropertyUtils.getProperty(PropertyUtils.java:159)
	at org.yaml.snakeyaml.introspector.PropertyUtils.getProperty(PropertyUtils.java:148)
	at org.yaml.snakeyaml.constructor.Constructor$ConstructMapping.getProperty(Constructor.java:287)
	at org.yaml.snakeyaml.constructor.Constructor$ConstructMapping.constructJavaBean2ndStep(Constructor.java:208)
	... 54 more
</pre></div></td>
<td>0</td>
<td>com.testcases.LocationDayAPITest@22ffa91a</td></tr>
</table><p>
</body>
</html>