<?xml version="1.0" encoding="UTF-8"?>
<!-- Generated by org.testng.reporters.JUnitReportReporter -->
<testsuite hostname="ASUS-PC" failures="2" tests="3" name="com.testcases.LocationSearchTest" time="11.394" errors="0" timestamp="26 Jan 2021 20:23:07 GMT" skipped="1">
  <testcase classname="com.testcases.LocationSearchTest" name="validateWeatherByLocationAndDate" time="3.183">
    <failure message="The following asserts failed:
	VISIBILITY field at position 25 of JSON object is empty -  expected object to not be null,
	VISIBILITY field at position 26 of JSON object is empty -  expected object to not be null,
	VISIBILITY field at position 27 of JSON object is empty -  expected object to not be null,
	VISIBILITY field at position 28 of JSON object is empty -  expected object to not be null,
	VISIBILITY field at position 29 of JSON object is empty -  expected object to not be null,
	VISIBILITY field at position 30 of JSON object is empty -  expected object to not be null,
	VISIBILITY field at position 31 of JSON object is empty -  expected object to not be null" type="java.lang.AssertionError">
      <![CDATA[java.lang.AssertionError: The following asserts failed:
VISIBILITY field at position 25 of JSON object is empty -  expected object to not be null,
VISIBILITY field at position 26 of JSON object is empty -  expected object to not be null,
VISIBILITY field at position 27 of JSON object is empty -  expected object to not be null,
VISIBILITY field at position 28 of JSON object is empty -  expected object to not be null,
VISIBILITY field at position 29 of JSON object is empty -  expected object to not be null,
VISIBILITY field at position 30 of JSON object is empty -  expected object to not be null,
VISIBILITY field at position 31 of JSON object is empty -  expected object to not be null
at org.testng.asserts.SoftAssert.assertAll(SoftAssert.java:43)
at com.testcases.LocationSearchTest.validateWeatherByLocationAndDate(LocationSearchTest.java:94)
at java.base/jdk.internal.reflect.NativeMethodAccessorImpl.invoke0(Native Method)
at java.base/jdk.internal.reflect.NativeMethodAccessorImpl.invoke(NativeMethodAccessorImpl.java:64)
at java.base/jdk.internal.reflect.DelegatingMethodAccessorImpl.invoke(DelegatingMethodAccessorImpl.java:43)
at java.base/java.lang.reflect.Method.invoke(Method.java:564)
at org.testng.internal.MethodInvocationHelper.invokeMethod(MethodInvocationHelper.java:124)
at org.testng.internal.Invoker.invokeMethod(Invoker.java:583)
at org.testng.internal.Invoker.invokeTestMethod(Invoker.java:719)
at org.testng.internal.Invoker.invokeTestMethods(Invoker.java:989)
at org.testng.internal.TestMethodWorker.invokeTestMethods(TestMethodWorker.java:125)
at org.testng.internal.TestMethodWorker.run(TestMethodWorker.java:109)
at org.testng.TestRunner.privateRun(TestRunner.java:648)
at org.testng.TestRunner.run(TestRunner.java:505)
at org.testng.SuiteRunner.runTest(SuiteRunner.java:455)
at org.testng.SuiteRunner.runSequentially(SuiteRunner.java:450)
at org.testng.SuiteRunner.privateRun(SuiteRunner.java:415)
at org.testng.SuiteRunner.run(SuiteRunner.java:364)
at org.testng.SuiteRunnerWorker.runSuite(SuiteRunnerWorker.java:52)
at org.testng.SuiteRunnerWorker.run(SuiteRunnerWorker.java:84)
at org.testng.TestNG.runSuitesSequentially(TestNG.java:1208)
at org.testng.TestNG.runSuitesLocally(TestNG.java:1137)
at org.testng.TestNG.runSuites(TestNG.java:1049)
at org.testng.TestNG.run(TestNG.java:1017)
at org.testng.remote.AbstractRemoteTestNG.run(AbstractRemoteTestNG.java:115)
at org.testng.remote.RemoteTestNG.initAndRun(RemoteTestNG.java:251)
at org.testng.remote.RemoteTestNG.main(RemoteTestNG.java:77)
]]>
    </failure>
  </testcase> <!-- validateWeatherByLocationAndDate -->
  <testcase classname="com.testcases.LocationSearchTest" name="validateWeatherByLocationAndDate" time="8.211">
    <failure message="The following asserts failed:
	VISIBILITY field at position 29 of JSON object is empty -  expected object to not be null,
	VISIBILITY field at position 30 of JSON object is empty -  expected object to not be null,
	VISIBILITY field at position 31 of JSON object is empty -  expected object to not be null,
	VISIBILITY field at position 32 of JSON object is empty -  expected object to not be null,
	VISIBILITY field at position 33 of JSON object is empty -  expected object to not be null,
	VISIBILITY field at position 34 of JSON object is empty -  expected object to not be null,
	VISIBILITY field at position 35 of JSON object is empty -  expected object to not be null,
	VISIBILITY field at position 36 of JSON object is empty -  expected object to not be null,
	VISIBILITY field at position 37 of JSON object is empty -  expected object to not be null" type="java.lang.AssertionError">
      <![CDATA[java.lang.AssertionError: The following asserts failed:
VISIBILITY field at position 29 of JSON object is empty -  expected object to not be null,
VISIBILITY field at position 30 of JSON object is empty -  expected object to not be null,
VISIBILITY field at position 31 of JSON object is empty -  expected object to not be null,
VISIBILITY field at position 32 of JSON object is empty -  expected object to not be null,
VISIBILITY field at position 33 of JSON object is empty -  expected object to not be null,
VISIBILITY field at position 34 of JSON object is empty -  expected object to not be null,
VISIBILITY field at position 35 of JSON object is empty -  expected object to not be null,
VISIBILITY field at position 36 of JSON object is empty -  expected object to not be null,
VISIBILITY field at position 37 of JSON object is empty -  expected object to not be null
at org.testng.asserts.SoftAssert.assertAll(SoftAssert.java:43)
at com.testcases.LocationSearchTest.validateWeatherByLocationAndDate(LocationSearchTest.java:94)
at java.base/jdk.internal.reflect.NativeMethodAccessorImpl.invoke0(Native Method)
at java.base/jdk.internal.reflect.NativeMethodAccessorImpl.invoke(NativeMethodAccessorImpl.java:64)
at java.base/jdk.internal.reflect.DelegatingMethodAccessorImpl.invoke(DelegatingMethodAccessorImpl.java:43)
at java.base/java.lang.reflect.Method.invoke(Method.java:564)
at org.testng.internal.MethodInvocationHelper.invokeMethod(MethodInvocationHelper.java:124)
at org.testng.internal.Invoker.invokeMethod(Invoker.java:583)
at org.testng.internal.Invoker.invokeTestMethod(Invoker.java:719)
at org.testng.internal.Invoker.invokeTestMethods(Invoker.java:989)
at org.testng.internal.TestMethodWorker.invokeTestMethods(TestMethodWorker.java:125)
at org.testng.internal.TestMethodWorker.run(TestMethodWorker.java:109)
at org.testng.TestRunner.privateRun(TestRunner.java:648)
at org.testng.TestRunner.run(TestRunner.java:505)
at org.testng.SuiteRunner.runTest(SuiteRunner.java:455)
at org.testng.SuiteRunner.runSequentially(SuiteRunner.java:450)
at org.testng.SuiteRunner.privateRun(SuiteRunner.java:415)
at org.testng.SuiteRunner.run(SuiteRunner.java:364)
at org.testng.SuiteRunnerWorker.runSuite(SuiteRunnerWorker.java:52)
at org.testng.SuiteRunnerWorker.run(SuiteRunnerWorker.java:84)
at org.testng.TestNG.runSuitesSequentially(TestNG.java:1208)
at org.testng.TestNG.runSuitesLocally(TestNG.java:1137)
at org.testng.TestNG.runSuites(TestNG.java:1049)
at org.testng.TestNG.run(TestNG.java:1017)
at org.testng.remote.AbstractRemoteTestNG.run(AbstractRemoteTestNG.java:115)
at org.testng.remote.RemoteTestNG.initAndRun(RemoteTestNG.java:251)
at org.testng.remote.RemoteTestNG.main(RemoteTestNG.java:77)
]]>
    </failure>
  </testcase> <!-- validateWeatherByLocationAndDate -->
  <testcase classname="com.testcases.LocationSearchTest" name="validateLocationSearchResponseForNotNull">
    <skipped/>
  </testcase> <!-- validateLocationSearchResponseForNotNull -->
</testsuite> <!-- com.testcases.LocationSearchTest -->
