<?xml version="1.0" encoding="UTF-8"?>
<testng-results ignored="0" total="8" passed="5" failed="3" skipped="0">
  <reporter-output>
  </reporter-output>
  <suite started-at="2021-01-26T23:37:09Z" name="MetaWeather API Tests" finished-at="2021-01-26T23:37:28Z" duration-ms="18662">
    <groups>
    </groups>
    <test started-at="2021-01-26T23:37:09Z" name="Location Day API Tests" finished-at="2021-01-26T23:37:28Z" duration-ms="18662">
      <class name="com.testcases.LocationDayAPITest">
        <test-method signature="checkWeatherByLocationAndDate(com.data.yaml.WeatherByLocationAndDateTestData)[pri:0, instance:com.testcases.LocationDayAPITest@27d5a580]" started-at="2021-01-26T23:37:10Z" name="checkWeatherByLocationAndDate" data-provider="common_test_data_provider" finished-at="2021-01-26T23:37:16Z" duration-ms="6405" status="PASS">
          <params>
            <param index="0">
              <value>
                <![CDATA[WeatherByLocationAndDateTestData [location=Nottingham, date=2021/1/30]]]>
              </value>
            </param>
          </params>
          <reporter-output>
          </reporter-output>
        </test-method> <!-- checkWeatherByLocationAndDate -->
        <test-method signature="checkWeatherByLocationAndDate(com.data.yaml.WeatherByLocationAndDateTestData)[pri:0, instance:com.testcases.LocationDayAPITest@27d5a580]" started-at="2021-01-26T23:37:16Z" name="checkWeatherByLocationAndDate" data-provider="common_test_data_provider" finished-at="2021-01-26T23:37:18Z" duration-ms="1641" status="PASS">
          <params>
            <param index="0">
              <value>
                <![CDATA[WeatherByLocationAndDateTestData [location=Mumbai, date=2021/1/31]]]>
              </value>
            </param>
          </params>
          <reporter-output>
          </reporter-output>
        </test-method> <!-- checkWeatherByLocationAndDate -->
        <test-method signature="checkWeatherByLocationAndDate(com.data.yaml.WeatherByLocationAndDateTestData)[pri:0, instance:com.testcases.LocationDayAPITest@27d5a580]" started-at="2021-01-26T23:37:18Z" name="checkWeatherByLocationAndDate" data-provider="common_test_data_provider" finished-at="2021-01-26T23:37:19Z" duration-ms="1533" status="PASS">
          <params>
            <param index="0">
              <value>
                <![CDATA[WeatherByLocationAndDateTestData [location=Bangalore, date=2021/1/31]]]>
              </value>
            </param>
          </params>
          <reporter-output>
          </reporter-output>
        </test-method> <!-- checkWeatherByLocationAndDate -->
        <test-method signature="verifyLocationDayAPIResponse(com.data.yaml.VerifyLocationDayAPIResponseTestData)[pri:0, instance:com.testcases.LocationDayAPITest@27d5a580]" started-at="2021-01-26T23:37:19Z" name="verifyLocationDayAPIResponse" data-provider="common_test_data_provider" finished-at="2021-01-26T23:37:21Z" duration-ms="1496" status="PASS">
          <params>
            <param index="0">
              <value>
                <![CDATA[VerifyLocationDayAPIResponseTestData [location=Nottingham, date=2021/1/30, expectedStatusCode=200, expectedContentType=application/json]]]>
              </value>
            </param>
          </params>
          <reporter-output>
          </reporter-output>
        </test-method> <!-- verifyLocationDayAPIResponse -->
        <test-method signature="verifyLocationDayAPIResponse(com.data.yaml.VerifyLocationDayAPIResponseTestData)[pri:0, instance:com.testcases.LocationDayAPITest@27d5a580]" started-at="2021-01-26T23:37:21Z" name="verifyLocationDayAPIResponse" data-provider="common_test_data_provider" finished-at="2021-01-26T23:37:23Z" duration-ms="1855" status="PASS">
          <params>
            <param index="0">
              <value>
                <![CDATA[VerifyLocationDayAPIResponseTestData [location=Bangalore, date=2021/1/31, expectedStatusCode=200, expectedContentType=application/json]]]>
              </value>
            </param>
          </params>
          <reporter-output>
          </reporter-output>
        </test-method> <!-- verifyLocationDayAPIResponse -->
        <test-method signature="verifyLocationDayAPIResponse(com.data.yaml.VerifyLocationDayAPIResponseTestData)[pri:0, instance:com.testcases.LocationDayAPITest@27d5a580]" started-at="2021-01-26T23:37:23Z" name="verifyLocationDayAPIResponse" data-provider="common_test_data_provider" finished-at="2021-01-26T23:37:24Z" duration-ms="1814" status="FAIL">
          <params>
            <param index="0">
              <value>
                <![CDATA[VerifyLocationDayAPIResponseTestData [location=Delhi, date=20211/1/31, expectedStatusCode=404, expectedContentType=application/json]]]>
              </value>
            </param>
          </params>
          <exception class="java.lang.AssertionError">
            <message>
              <![CDATA[ContentType mismatch found -  expected [application/json] but found [text/html; charset=utf-8]]]>
            </message>
            <full-stacktrace>
              <![CDATA[java.lang.AssertionError: ContentType mismatch found -  expected [application/json] but found [text/html; charset=utf-8]
at org.testng.Assert.fail(Assert.java:96)
at org.testng.Assert.failNotEquals(Assert.java:776)
at org.testng.Assert.assertEqualsImpl(Assert.java:137)
at org.testng.Assert.assertEquals(Assert.java:118)
at org.testng.Assert.assertEquals(Assert.java:453)
at com.testcases.LocationDayAPITest.verifyLocationDayAPIResponse(LocationDayAPITest.java:39)
at java.base/jdk.internal.reflect.NativeMethodAccessorImpl.invoke0(Native Method)
at java.base/jdk.internal.reflect.NativeMethodAccessorImpl.invoke(NativeMethodAccessorImpl.java:64)
at java.base/jdk.internal.reflect.DelegatingMethodAccessorImpl.invoke(DelegatingMethodAccessorImpl.java:43)
at java.base/java.lang.reflect.Method.invoke(Method.java:564)
at org.testng.internal.MethodInvocationHelper.invokeMethod(MethodInvocationHelper.java:124)
at org.testng.internal.Invoker.invokeMethod(Invoker.java:583)
at org.testng.internal.Invoker.invokeTestMethod(Invoker.java:719)
at org.testng.internal.Invoker.invokeTestMethods(Invoker.java:989)
at org.testng.internal.TestMethodWorker.invokeTestMethods(TestMethodWorker.java:125)
at org.testng.internal.TestMethodWorker.run(TestMethodWorker.java:109)
at org.testng.TestRunner.privateRun(TestRunner.java:648)
at org.testng.TestRunner.run(TestRunner.java:505)
at org.testng.SuiteRunner.runTest(SuiteRunner.java:455)
at org.testng.SuiteRunner.runSequentially(SuiteRunner.java:450)
at org.testng.SuiteRunner.privateRun(SuiteRunner.java:415)
at org.testng.SuiteRunner.run(SuiteRunner.java:364)
at org.testng.SuiteRunnerWorker.runSuite(SuiteRunnerWorker.java:52)
at org.testng.SuiteRunnerWorker.run(SuiteRunnerWorker.java:84)
at org.testng.TestNG.runSuitesSequentially(TestNG.java:1208)
at org.testng.TestNG.runSuitesLocally(TestNG.java:1137)
at org.testng.TestNG.runSuites(TestNG.java:1049)
at org.testng.TestNG.run(TestNG.java:1017)
at org.testng.remote.AbstractRemoteTestNG.run(AbstractRemoteTestNG.java:115)
at org.testng.remote.RemoteTestNG.initAndRun(RemoteTestNG.java:251)
at org.testng.remote.RemoteTestNG.main(RemoteTestNG.java:77)
]]>
            </full-stacktrace>
          </exception> <!-- java.lang.AssertionError -->
          <reporter-output>
          </reporter-output>
        </test-method> <!-- verifyLocationDayAPIResponse -->
        <test-method signature="verifyLocationDayAPIResponseFieldsAreNotNull(com.data.yaml.WeatherByLocationAndDateTestData)[pri:0, instance:com.testcases.LocationDayAPITest@27d5a580]" started-at="2021-01-26T23:37:24Z" name="verifyLocationDayAPIResponseFieldsAreNotNull" data-provider="common_test_data_provider" finished-at="2021-01-26T23:37:26Z" duration-ms="1820" status="FAIL">
          <params>
            <param index="0">
              <value>
                <![CDATA[WeatherByLocationAndDateTestData [location=Nottingham, date=2021/1/30]]]>
              </value>
            </param>
          </params>
          <exception class="java.lang.AssertionError">
            <message>
              <![CDATA[The following asserts failed:
VISIBILITY field at position 31 of JSON object is empty -  expected object to not be null,
VISIBILITY field at position 32 of JSON object is empty -  expected object to not be null,
VISIBILITY field at position 33 of JSON object is empty -  expected object to not be null,
VISIBILITY field at position 34 of JSON object is empty -  expected object to not be null,
VISIBILITY field at position 35 of JSON object is empty -  expected object to not be null,
VISIBILITY field at position 36 of JSON object is empty -  expected object to not be null,
VISIBILITY field at position 37 of JSON object is empty -  expected object to not be null,
VISIBILITY field at position 38 of JSON object is empty -  expected object to not be null,
VISIBILITY field at position 39 of JSON object is empty -  expected object to not be null]]>
            </message>
            <full-stacktrace>
              <![CDATA[java.lang.AssertionError: The following asserts failed:
VISIBILITY field at position 31 of JSON object is empty -  expected object to not be null,
VISIBILITY field at position 32 of JSON object is empty -  expected object to not be null,
VISIBILITY field at position 33 of JSON object is empty -  expected object to not be null,
VISIBILITY field at position 34 of JSON object is empty -  expected object to not be null,
VISIBILITY field at position 35 of JSON object is empty -  expected object to not be null,
VISIBILITY field at position 36 of JSON object is empty -  expected object to not be null,
VISIBILITY field at position 37 of JSON object is empty -  expected object to not be null,
VISIBILITY field at position 38 of JSON object is empty -  expected object to not be null,
VISIBILITY field at position 39 of JSON object is empty -  expected object to not be null
at org.testng.asserts.SoftAssert.assertAll(SoftAssert.java:43)
at com.testcases.LocationDayAPITest.verifyLocationDayAPIResponseFieldsAreNotNull(LocationDayAPITest.java:103)
at java.base/jdk.internal.reflect.NativeMethodAccessorImpl.invoke0(Native Method)
at java.base/jdk.internal.reflect.NativeMethodAccessorImpl.invoke(NativeMethodAccessorImpl.java:64)
at java.base/jdk.internal.reflect.DelegatingMethodAccessorImpl.invoke(DelegatingMethodAccessorImpl.java:43)
at java.base/java.lang.reflect.Method.invoke(Method.java:564)
at org.testng.internal.MethodInvocationHelper.invokeMethod(MethodInvocationHelper.java:124)
at org.testng.internal.Invoker.invokeMethod(Invoker.java:583)
at org.testng.internal.Invoker.invokeTestMethod(Invoker.java:719)
at org.testng.internal.Invoker.invokeTestMethods(Invoker.java:989)
at org.testng.internal.TestMethodWorker.invokeTestMethods(TestMethodWorker.java:125)
at org.testng.internal.TestMethodWorker.run(TestMethodWorker.java:109)
at org.testng.TestRunner.privateRun(TestRunner.java:648)
at org.testng.TestRunner.run(TestRunner.java:505)
at org.testng.SuiteRunner.runTest(SuiteRunner.java:455)
at org.testng.SuiteRunner.runSequentially(SuiteRunner.java:450)
at org.testng.SuiteRunner.privateRun(SuiteRunner.java:415)
at org.testng.SuiteRunner.run(SuiteRunner.java:364)
at org.testng.SuiteRunnerWorker.runSuite(SuiteRunnerWorker.java:52)
at org.testng.SuiteRunnerWorker.run(SuiteRunnerWorker.java:84)
at org.testng.TestNG.runSuitesSequentially(TestNG.java:1208)
at org.testng.TestNG.runSuitesLocally(TestNG.java:1137)
at org.testng.TestNG.runSuites(TestNG.java:1049)
at org.testng.TestNG.run(TestNG.java:1017)
at org.testng.remote.AbstractRemoteTestNG.run(AbstractRemoteTestNG.java:115)
at org.testng.remote.RemoteTestNG.initAndRun(RemoteTestNG.java:251)
at org.testng.remote.RemoteTestNG.main(RemoteTestNG.java:77)
]]>
            </full-stacktrace>
          </exception> <!-- java.lang.AssertionError -->
          <reporter-output>
          </reporter-output>
        </test-method> <!-- verifyLocationDayAPIResponseFieldsAreNotNull -->
        <test-method signature="verifyLocationDayAPIResponseFieldsAreNotNull(com.data.yaml.WeatherByLocationAndDateTestData)[pri:0, instance:com.testcases.LocationDayAPITest@27d5a580]" started-at="2021-01-26T23:37:26Z" name="verifyLocationDayAPIResponseFieldsAreNotNull" data-provider="common_test_data_provider" finished-at="2021-01-26T23:37:28Z" duration-ms="1563" status="FAIL">
          <params>
            <param index="0">
              <value>
                <![CDATA[WeatherByLocationAndDateTestData [location=Bangalore, date=2021/1/31]]]>
              </value>
            </param>
          </params>
          <exception class="java.lang.AssertionError">
            <message>
              <![CDATA[The following asserts failed:
VISIBILITY field at position 26 of JSON object is empty -  expected object to not be null,
VISIBILITY field at position 27 of JSON object is empty -  expected object to not be null,
VISIBILITY field at position 28 of JSON object is empty -  expected object to not be null,
VISIBILITY field at position 29 of JSON object is empty -  expected object to not be null,
VISIBILITY field at position 30 of JSON object is empty -  expected object to not be null,
VISIBILITY field at position 31 of JSON object is empty -  expected object to not be null,
VISIBILITY field at position 32 of JSON object is empty -  expected object to not be null]]>
            </message>
            <full-stacktrace>
              <![CDATA[java.lang.AssertionError: The following asserts failed:
VISIBILITY field at position 26 of JSON object is empty -  expected object to not be null,
VISIBILITY field at position 27 of JSON object is empty -  expected object to not be null,
VISIBILITY field at position 28 of JSON object is empty -  expected object to not be null,
VISIBILITY field at position 29 of JSON object is empty -  expected object to not be null,
VISIBILITY field at position 30 of JSON object is empty -  expected object to not be null,
VISIBILITY field at position 31 of JSON object is empty -  expected object to not be null,
VISIBILITY field at position 32 of JSON object is empty -  expected object to not be null
at org.testng.asserts.SoftAssert.assertAll(SoftAssert.java:43)
at com.testcases.LocationDayAPITest.verifyLocationDayAPIResponseFieldsAreNotNull(LocationDayAPITest.java:103)
at java.base/jdk.internal.reflect.NativeMethodAccessorImpl.invoke0(Native Method)
at java.base/jdk.internal.reflect.NativeMethodAccessorImpl.invoke(NativeMethodAccessorImpl.java:64)
at java.base/jdk.internal.reflect.DelegatingMethodAccessorImpl.invoke(DelegatingMethodAccessorImpl.java:43)
at java.base/java.lang.reflect.Method.invoke(Method.java:564)
at org.testng.internal.MethodInvocationHelper.invokeMethod(MethodInvocationHelper.java:124)
at org.testng.internal.Invoker.invokeMethod(Invoker.java:583)
at org.testng.internal.Invoker.invokeTestMethod(Invoker.java:719)
at org.testng.internal.Invoker.invokeTestMethods(Invoker.java:989)
at org.testng.internal.TestMethodWorker.invokeTestMethods(TestMethodWorker.java:125)
at org.testng.internal.TestMethodWorker.run(TestMethodWorker.java:109)
at org.testng.TestRunner.privateRun(TestRunner.java:648)
at org.testng.TestRunner.run(TestRunner.java:505)
at org.testng.SuiteRunner.runTest(SuiteRunner.java:455)
at org.testng.SuiteRunner.runSequentially(SuiteRunner.java:450)
at org.testng.SuiteRunner.privateRun(SuiteRunner.java:415)
at org.testng.SuiteRunner.run(SuiteRunner.java:364)
at org.testng.SuiteRunnerWorker.runSuite(SuiteRunnerWorker.java:52)
at org.testng.SuiteRunnerWorker.run(SuiteRunnerWorker.java:84)
at org.testng.TestNG.runSuitesSequentially(TestNG.java:1208)
at org.testng.TestNG.runSuitesLocally(TestNG.java:1137)
at org.testng.TestNG.runSuites(TestNG.java:1049)
at org.testng.TestNG.run(TestNG.java:1017)
at org.testng.remote.AbstractRemoteTestNG.run(AbstractRemoteTestNG.java:115)
at org.testng.remote.RemoteTestNG.initAndRun(RemoteTestNG.java:251)
at org.testng.remote.RemoteTestNG.main(RemoteTestNG.java:77)
]]>
            </full-stacktrace>
          </exception> <!-- java.lang.AssertionError -->
          <reporter-output>
          </reporter-output>
        </test-method> <!-- verifyLocationDayAPIResponseFieldsAreNotNull -->
      </class> <!-- com.testcases.LocationDayAPITest -->
    </test> <!-- Location Day API Tests -->
  </suite> <!-- MetaWeather API Tests -->
</testng-results>
